c:\users\spencer\dropbox\champlain\senior\spring\software methods\mathplayground\mathplayground\debug\vc120.pdb
c:\users\spencer\dropbox\champlain\senior\spring\software methods\mathplayground\mathplayground\debug\vc120.idb
c:\users\spencer\dropbox\champlain\senior\spring\software methods\mathplayground\mathplayground\debug\changecalc.obj
c:\users\spencer\dropbox\champlain\senior\spring\software methods\mathplayground\mathplayground\debug\factorial.obj
c:\users\spencer\dropbox\champlain\senior\spring\software methods\mathplayground\mathplayground\debug\mainfunctions.obj
c:\users\spencer\dropbox\champlain\senior\spring\software methods\mathplayground\mathplayground\debug\main.obj
c:\users\spencer\dropbox\champlain\senior\spring\software methods\xp\csi330_xp\mathplayground\mathplayground\debug\vc120.pdb
c:\users\spencer\dropbox\champlain\senior\spring\software methods\xp\csi330_xp\mathplayground\mathplayground\debug\vc120.idb
c:\users\spencer\dropbox\champlain\senior\spring\software methods\xp\csi330_xp\mathplayground\mathplayground\debug\changecalc.obj
c:\users\spencer\dropbox\champlain\senior\spring\software methods\xp\csi330_xp\mathplayground\mathplayground\debug\factorial.obj
c:\users\spencer\dropbox\champlain\senior\spring\software methods\xp\csi330_xp\mathplayground\mathplayground\debug\mainfunctions.obj
c:\users\spencer\dropbox\champlain\senior\spring\software methods\xp\csi330_xp\mathplayground\mathplayground\debug\main.obj
c:\users\spencer\documents\champlain\software dev\csi330_xp\mathplayground\mathplayground\debug\vc120.pdb
c:\users\spencer\documents\champlain\software dev\csi330_xp\mathplayground\mathplayground\debug\vc120.idb
c:\users\spencer\documents\champlain\software dev\csi330_xp\mathplayground\mathplayground\debug\functions.obj
c:\users\spencer\documents\champlain\software dev\csi330_xp\mathplayground\mathplayground\debug\main.obj
c:\users\spencer\dropbox\champlain\senior\spring\software methods\mathplayground\debug\mathplayground.ilk
c:\users\spencer\dropbox\champlain\senior\spring\software methods\mathplayground\debug\mathplayground.exe
c:\users\spencer\dropbox\champlain\senior\spring\software methods\mathplayground\debug\mathplayground.pdb
c:\users\spencer\dropbox\champlain\senior\spring\software methods\xp\csi330_xp\mathplayground\debug\mathplayground.ilk
c:\users\spencer\dropbox\champlain\senior\spring\software methods\xp\csi330_xp\mathplayground\debug\mathplayground.exe
c:\users\spencer\dropbox\champlain\senior\spring\software methods\xp\csi330_xp\mathplayground\debug\mathplayground.pdb
c:\users\spencer\documents\champlain\software dev\csi330_xp\mathplayground\debug\mathplayground.ilk
c:\users\spencer\documents\champlain\software dev\csi330_xp\mathplayground\debug\mathplayground.exe
c:\users\spencer\documents\champlain\software dev\csi330_xp\mathplayground\debug\mathplayground.pdb
c:\users\spencer\documents\champlain\software dev\csi330_xp\mathplayground\mathplayground\debug\changecalc.obj
c:\users\spencer\documents\champlain\software dev\csi330_xp\mathplayground\mathplayground\debug\factorial.obj
c:\users\spencer\documents\champlain\software dev\csi330_xp\mathplayground\mathplayground\debug\mainfunctions.obj
c:\users\spencer\documents\champlain\software dev\csi330_xp\mathplayground\mathplayground\debug\mathplayground.tlog\cl.command.1.tlog
c:\users\spencer\documents\champlain\software dev\csi330_xp\mathplayground\mathplayground\debug\mathplayground.tlog\cl.read.1.tlog
c:\users\spencer\documents\champlain\software dev\csi330_xp\mathplayground\mathplayground\debug\mathplayground.tlog\cl.write.1.tlog
c:\users\spencer\documents\champlain\software dev\csi330_xp\mathplayground\mathplayground\debug\mathplayground.tlog\link.command.1.tlog
c:\users\spencer\documents\champlain\software dev\csi330_xp\mathplayground\mathplayground\debug\mathplayground.tlog\link.read.1.tlog
c:\users\spencer\documents\champlain\software dev\csi330_xp\mathplayground\mathplayground\debug\mathplayground.tlog\link.write.1.tlog
